# JRE version: OpenJDK Runtime Environment (17.0.11) (build 17.0.11+0--11852314)
# Java VM: OpenJDK 64-Bit Server VM (17.0.11+0--11852314, mixed mode, tiered, compressed oops, compressed class ptrs, g1 gc, windows-amd64)
GC Precious Log:
 CPUs: 8 total, 8 available
 Memory: 8074M
 Large Page Support: Disabled
 NUMA Support: Disabled
 Compressed Oops: Enabled (32-bit)
 Heap Region Size: 1M
 Heap Min Capacity: 8M
 Heap Initial Capacity: 128M
 Heap Max Capacity: 2020M
 Pre-touch: Disabled
 Parallel Workers: 8
 Concurrent Workers: 2
 Concurrent Refinement Workers: 8
 Periodic GC: Disabled
Heap:
 garbage-first heap   total 343040K, used 244117K [0x0000000081c00000, 0x0000000100000000)
  region size 1024K, 172 young (176128K), 5 survivors (5120K)
 Metaspace       used 61817K, committed 62080K, reserved 1114112K
  class space    used 7102K, committed 7232K, reserved 1048576K
GC Heap History (20 events):
Event: 8.324 GC heap before
{Heap before GC invocations=13 (full 0):
 garbage-first heap   total 82944K, used 61440K [0x0000000081c00000, 0x0000000100000000)
  region size 1024K, 27 young (27648K), 3 survivors (3072K)
 Metaspace       used 48422K, committed 48704K, reserved 1114112K
  class space    used 5865K, committed 6016K, reserved 1048576K
}
Event: 8.343 GC heap after
{Heap after GC invocations=14 (full 0):
 garbage-first heap   total 82944K, used 42349K [0x0000000081c00000, 0x0000000100000000)
  region size 1024K, 4 young (4096K), 4 survivors (4096K)
 Metaspace       used 48422K, committed 48704K, reserved 1114112K
  class space    used 5865K, committed 6016K, reserved 1048576K
}
Event: 8.555 GC heap before
{Heap before GC invocations=14 (full 0):
 garbage-first heap   total 82944K, used 61805K [0x0000000081c00000, 0x0000000100000000)
  region size 1024K, 23 young (23552K), 4 survivors (4096K)
 Metaspace       used 48965K, committed 49280K, reserved 1114112K
  class space    used 5911K, committed 6080K, reserved 1048576K
}
Event: 8.567 GC heap after
{Heap after GC invocations=15 (full 0):
 garbage-first heap   total 82944K, used 43398K [0x0000000081c00000, 0x0000000100000000)
  region size 1024K, 2 young (2048K), 2 survivors (2048K)
 Metaspace       used 48965K, committed 49280K, reserved 1114112K
  class space    used 5911K, committed 6080K, reserved 1048576K
}
Event: 8.897 GC heap before
{Heap before GC invocations=16 (full 0):
 garbage-first heap   total 82944K, used 65926K [0x0000000081c00000, 0x0000000100000000)
  region size 1024K, 22 young (22528K), 2 survivors (2048K)
 Metaspace       used 49084K, committed 49344K, reserved 1114112K
  class space    used 5917K, committed 6080K, reserved 1048576K
}
Event: 8.907 GC heap after
{Heap after GC invocations=17 (full 0):
 garbage-first heap   total 82944K, used 47655K [0x0000000081c00000, 0x0000000100000000)
  region size 1024K, 3 young (3072K), 3 survivors (3072K)
 Metaspace       used 49084K, committed 49344K, reserved 1114112K
  class space    used 5917K, committed 6080K, reserved 1048576K
}
Event: 8.955 GC heap before
{Heap before GC invocations=17 (full 0):
 garbage-first heap   total 82944K, used 48679K [0x0000000081c00000, 0x0000000100000000)
  region size 1024K, 4 young (4096K), 3 survivors (3072K)
 Metaspace       used 49084K, committed 49344K, reserved 1114112K
  class space    used 5917K, committed 6080K, reserved 1048576K
}
Event: 8.963 GC heap after
{Heap after GC invocations=18 (full 0):
 garbage-first heap   total 82944K, used 47343K [0x0000000081c00000, 0x0000000100000000)
  region size 1024K, 1 young (1024K), 1 survivors (1024K)
 Metaspace       used 49084K, committed 49344K, reserved 1114112K
  class space    used 5917K, committed 6080K, reserved 1048576K
}
Event: 9.268 GC heap before
{Heap before GC invocations=18 (full 0):
 garbage-first heap   total 82944K, used 64751K [0x0000000081c00000, 0x0000000100000000)
  region size 1024K, 18 young (18432K), 1 survivors (1024K)
 Metaspace       used 49084K, committed 49344K, reserved 1114112K
  class space    used 5917K, committed 6080K, reserved 1048576K
}
Event: 9.272 GC heap after
{Heap after GC invocations=19 (full 0):
 garbage-first heap   total 139264K, used 48275K [0x0000000081c00000, 0x0000000100000000)
  region size 1024K, 2 young (2048K), 2 survivors (2048K)
 Metaspace       used 49084K, committed 49344K, reserved 1114112K
  class space    used 5917K, committed 6080K, reserved 1048576K
}
Event: 9.655 GC heap before
{Heap before GC invocations=20 (full 0):
 garbage-first heap   total 139264K, used 102547K [0x0000000081c00000, 0x0000000100000000)
  region size 1024K, 55 young (56320K), 2 survivors (2048K)
 Metaspace       used 49093K, committed 49344K, reserved 1114112K
  class space    used 5918K, committed 6080K, reserved 1048576K
}
Event: 9.665 GC heap after
{Heap after GC invocations=21 (full 0):
 garbage-first heap   total 139264K, used 53636K [0x0000000081c00000, 0x0000000100000000)
  region size 1024K, 7 young (7168K), 7 survivors (7168K)
 Metaspace       used 49093K, committed 49344K, reserved 1114112K
  class space    used 5918K, committed 6080K, reserved 1048576K
}
Event: 9.668 GC heap before
{Heap before GC invocations=21 (full 0):
 garbage-first heap   total 139264K, used 54660K [0x0000000081c00000, 0x0000000100000000)
  region size 1024K, 8 young (8192K), 7 survivors (7168K)
 Metaspace       used 49093K, committed 49344K, reserved 1114112K
  class space    used 5918K, committed 6080K, reserved 1048576K
}
Event: 9.676 GC heap after
{Heap after GC invocations=22 (full 0):
 garbage-first heap   total 139264K, used 53503K [0x0000000081c00000, 0x0000000100000000)
  region size 1024K, 1 young (1024K), 1 survivors (1024K)
 Metaspace       used 49093K, committed 49344K, reserved 1114112K
  class space    used 5918K, committed 6080K, reserved 1048576K
}
Event: 10.239 GC heap before
{Heap before GC invocations=22 (full 0):
 garbage-first heap   total 139264K, used 105727K [0x0000000081c00000, 0x0000000100000000)
  region size 1024K, 52 young (53248K), 1 survivors (1024K)
 Metaspace       used 50692K, committed 50944K, reserved 1114112K
  class space    used 6083K, committed 6208K, reserved 1048576K
}
Event: 10.255 GC heap after
{Heap after GC invocations=23 (full 0):
 garbage-first heap   total 139264K, used 61440K [0x0000000081c00000, 0x0000000100000000)
  region size 1024K, 7 young (7168K), 7 survivors (7168K)
 Metaspace       used 50692K, committed 50944K, reserved 1114112K
  class space    used 6083K, committed 6208K, reserved 1048576K
}
Event: 11.595 GC heap before
{Heap before GC invocations=23 (full 0):
 garbage-first heap   total 139264K, used 107520K [0x0000000081c00000, 0x0000000100000000)
  region size 1024K, 52 young (53248K), 7 survivors (7168K)
 Metaspace       used 50933K, committed 51200K, reserved 1114112K
  class space    used 6092K, committed 6208K, reserved 1048576K
}
Event: 11.614 GC heap after
{Heap after GC invocations=24 (full 0):
 garbage-first heap   total 139264K, used 67200K [0x0000000081c00000, 0x0000000100000000)
  region size 1024K, 6 young (6144K), 6 survivors (6144K)
 Metaspace       used 50933K, committed 51200K, reserved 1114112K
  class space    used 6092K, committed 6208K, reserved 1048576K
}
Event: 11.836 GC heap before
{Heap before GC invocations=24 (full 0):
 garbage-first heap   total 139264K, used 109184K [0x0000000081c00000, 0x0000000100000000)
  region size 1024K, 47 young (48128K), 6 survivors (6144K)
 Metaspace       used 50938K, committed 51200K, reserved 1114112K
  class space    used 6092K, committed 6208K, reserved 1048576K
}
Event: 11.851 GC heap after
{Heap after GC invocations=25 (full 0):
 garbage-first heap   total 343040K, used 72085K [0x0000000081c00000, 0x0000000100000000)
  region size 1024K, 5 young (5120K), 5 survivors (5120K)
 Metaspace       used 50938K, committed 51200K, reserved 1114112K
  class space    used 6092K, committed 6208K, reserved 1048576K
}

