# JRE version: OpenJDK Runtime Environment (17.0.11) (build 17.0.11+0--11852314)
# Java VM: OpenJDK 64-Bit Server VM (17.0.11+0--11852314, mixed mode, tiered, compressed oops, compressed class ptrs, g1 gc, windows-amd64)
GC Precious Log:
 CPUs: 8 total, 8 available
 Memory: 8074M
 Large Page Support: Disabled
 NUMA Support: Disabled
 Compressed Oops: Enabled (32-bit)
 Heap Region Size: 1M
 Heap Min Capacity: 8M
 Heap Initial Capacity: 128M
 Heap Max Capacity: 2G
 Pre-touch: Disabled
 Parallel Workers: 8
 Concurrent Workers: 2
 Concurrent Refinement Workers: 8
 Periodic GC: Disabled
Heap:
 garbage-first heap   total 482304K, used 306688K [0x0000000080000000, 0x0000000100000000)
  region size 1024K, 15 young (15360K), 15 survivors (15360K)
 Metaspace       used 126756K, committed 127616K, reserved 1179648K
  class space    used 17540K, committed 17920K, reserved 1048576K
GC Heap History (20 events):
Event: 15.576 GC heap after
{Heap after GC invocations=31 (full 0):
 garbage-first heap   total 160768K, used 88400K [0x0000000080000000, 0x0000000100000000)
  region size 1024K, 4 young (4096K), 4 survivors (4096K)
 Metaspace       used 84552K, committed 85248K, reserved 1179648K
  class space    used 11419K, committed 11776K, reserved 1048576K
}
Event: 15.614 GC heap before
{Heap before GC invocations=31 (full 0):
 garbage-first heap   total 160768K, used 91472K [0x0000000080000000, 0x0000000100000000)
  region size 1024K, 7 young (7168K), 4 survivors (4096K)
 Metaspace       used 84704K, committed 85376K, reserved 1179648K
  class space    used 11443K, committed 11776K, reserved 1048576K
}
Event: 15.617 GC heap after
{Heap after GC invocations=32 (full 0):
 garbage-first heap   total 160768K, used 87724K [0x0000000080000000, 0x0000000100000000)
  region size 1024K, 1 young (1024K), 1 survivors (1024K)
 Metaspace       used 84704K, committed 85376K, reserved 1179648K
  class space    used 11443K, committed 11776K, reserved 1048576K
}
Event: 16.354 GC heap before
{Heap before GC invocations=32 (full 0):
 garbage-first heap   total 160768K, used 130732K [0x0000000080000000, 0x0000000100000000)
  region size 1024K, 43 young (44032K), 1 survivors (1024K)
 Metaspace       used 87771K, committed 88384K, reserved 1179648K
  class space    used 11972K, committed 12288K, reserved 1048576K
}
Event: 16.360 GC heap after
{Heap after GC invocations=33 (full 0):
 garbage-first heap   total 482304K, used 88621K [0x0000000080000000, 0x0000000100000000)
  region size 1024K, 2 young (2048K), 2 survivors (2048K)
 Metaspace       used 87771K, committed 88384K, reserved 1179648K
  class space    used 11972K, committed 12288K, reserved 1048576K
}
Event: 20.390 GC heap before
{Heap before GC invocations=33 (full 0):
 garbage-first heap   total 482304K, used 352813K [0x0000000080000000, 0x0000000100000000)
  region size 1024K, 256 young (262144K), 2 survivors (2048K)
 Metaspace       used 105872K, committed 106688K, reserved 1179648K
  class space    used 14516K, committed 14912K, reserved 1048576K
}
Event: 20.417 GC heap after
{Heap after GC invocations=34 (full 0):
 garbage-first heap   total 482304K, used 108000K [0x0000000080000000, 0x0000000100000000)
  region size 1024K, 21 young (21504K), 21 survivors (21504K)
 Metaspace       used 105872K, committed 106688K, reserved 1179648K
  class space    used 14516K, committed 14912K, reserved 1048576K
}
Event: 25.017 GC heap before
{Heap before GC invocations=34 (full 0):
 garbage-first heap   total 482304K, used 367072K [0x0000000080000000, 0x0000000100000000)
  region size 1024K, 275 young (281600K), 21 survivors (21504K)
 Metaspace       used 111519K, committed 112320K, reserved 1179648K
  class space    used 15143K, committed 15488K, reserved 1048576K
}
Event: 25.047 GC heap after
{Heap after GC invocations=35 (full 0):
 garbage-first heap   total 482304K, used 119171K [0x0000000080000000, 0x0000000100000000)
  region size 1024K, 14 young (14336K), 14 survivors (14336K)
 Metaspace       used 111519K, committed 112320K, reserved 1179648K
  class space    used 15143K, committed 15488K, reserved 1048576K
}
Event: 26.277 GC heap before
{Heap before GC invocations=35 (full 0):
 garbage-first heap   total 482304K, used 375171K [0x0000000080000000, 0x0000000100000000)
  region size 1024K, 265 young (271360K), 14 survivors (14336K)
 Metaspace       used 116443K, committed 117184K, reserved 1179648K
  class space    used 15874K, committed 16256K, reserved 1048576K
}
Event: 26.308 GC heap after
{Heap after GC invocations=36 (full 0):
 garbage-first heap   total 482304K, used 168583K [0x0000000080000000, 0x0000000100000000)
  region size 1024K, 34 young (34816K), 34 survivors (34816K)
 Metaspace       used 116443K, committed 117184K, reserved 1179648K
  class space    used 15874K, committed 16256K, reserved 1048576K
}
Event: 27.042 GC heap before
{Heap before GC invocations=36 (full 0):
 garbage-first heap   total 482304K, used 365191K [0x0000000080000000, 0x0000000100000000)
  region size 1024K, 227 young (232448K), 34 survivors (34816K)
 Metaspace       used 119797K, committed 120576K, reserved 1179648K
  class space    used 16408K, committed 16768K, reserved 1048576K
}
Event: 27.086 GC heap after
{Heap after GC invocations=37 (full 0):
 garbage-first heap   total 482304K, used 202240K [0x0000000080000000, 0x0000000100000000)
  region size 1024K, 29 young (29696K), 29 survivors (29696K)
 Metaspace       used 119797K, committed 120576K, reserved 1179648K
  class space    used 16408K, committed 16768K, reserved 1048576K
}
Event: 27.483 GC heap before
{Heap before GC invocations=37 (full 0):
 garbage-first heap   total 482304K, used 371200K [0x0000000080000000, 0x0000000100000000)
  region size 1024K, 195 young (199680K), 29 survivors (29696K)
 Metaspace       used 122025K, committed 122816K, reserved 1179648K
  class space    used 16728K, committed 17088K, reserved 1048576K
}
Event: 27.537 GC heap after
{Heap after GC invocations=38 (full 0):
 garbage-first heap   total 482304K, used 233984K [0x0000000080000000, 0x0000000100000000)
  region size 1024K, 25 young (25600K), 25 survivors (25600K)
 Metaspace       used 122025K, committed 122816K, reserved 1179648K
  class space    used 16728K, committed 17088K, reserved 1048576K
}
Event: 27.770 GC heap before
{Heap before GC invocations=38 (full 0):
 garbage-first heap   total 482304K, used 375296K [0x0000000080000000, 0x0000000100000000)
  region size 1024K, 164 young (167936K), 25 survivors (25600K)
 Metaspace       used 123099K, committed 123904K, reserved 1179648K
  class space    used 16913K, committed 17280K, reserved 1048576K
}
Event: 27.814 GC heap after
{Heap after GC invocations=39 (full 0):
 garbage-first heap   total 482304K, used 261632K [0x0000000080000000, 0x0000000100000000)
  region size 1024K, 21 young (21504K), 21 survivors (21504K)
 Metaspace       used 123099K, committed 123904K, reserved 1179648K
  class space    used 16913K, committed 17280K, reserved 1048576K
}
Event: 28.061 GC heap before
{Heap before GC invocations=39 (full 0):
 garbage-first heap   total 482304K, used 381440K [0x0000000080000000, 0x0000000100000000)
  region size 1024K, 139 young (142336K), 21 survivors (21504K)
 Metaspace       used 125375K, committed 126208K, reserved 1179648K
  class space    used 17275K, committed 17664K, reserved 1048576K
}
Event: 28.112 GC heap after
{Heap after GC invocations=40 (full 0):
 garbage-first heap   total 482304K, used 288256K [0x0000000080000000, 0x0000000100000000)
  region size 1024K, 18 young (18432K), 18 survivors (18432K)
 Metaspace       used 125375K, committed 126208K, reserved 1179648K
  class space    used 17275K, committed 17664K, reserved 1048576K
}
Event: 28.349 GC heap before
{Heap before GC invocations=40 (full 0):
 garbage-first heap   total 482304K, used 386560K [0x0000000080000000, 0x0000000100000000)
  region size 1024K, 115 young (117760K), 18 survivors (18432K)
 Metaspace       used 126756K, committed 127616K, reserved 1179648K
  class space    used 17540K, committed 17920K, reserved 1048576K
}

